<?xml version="1.0" encoding="UTF-8"?>
<testsuites name="REST API" time="19.189" tests="1" failures="0" errors="0">
   <testsuite name="REST API" tests="1" failures="0" errors="0" time="19.189" timestamp="2019-12-12 10:44:58" hostname="DELL - DESKTOP-B0ER32R" id="Test Suites/REST API">
      <properties>
         <property name="deviceName" value=""/>
         <property name="devicePlatform" value=""/>
         <property name="logFolder" value="C:\\Users\\DELL\\git\\MY-first-API-test-project1\\Reports\\20191212_104447\\REST API\\20191212_104447"/>
         <property name="logFiles" value="C:\\Users\\DELL\\git\\MY-first-API-test-project1\\Reports\\20191212_104447\\REST API\\20191212_104447\\execution0.log"/>
         <property name="attachments" value=""/>
         <property name="hostName" value="DELL - DESKTOP-B0ER32R"/>
         <property name="hostAddress" value="169.254.140.212"/>
         <property name="os" value="Windows 10 64bit"/>
         <property name="katalonVersion" value="7.1.1.1"/>
      </properties>
      <testcase name="Test Cases/REST API" time="18.307" classname="Test Cases/REST API" status="PASSED">
         <system-out><![CDATA[2019-12-12 10:44:59 - [TEST_CASE][PASSED] - Test Cases/REST API: Test Cases/REST API

2019-12-12 10:44:59 - [TEST_STEP][PASSED] - Response = sendRequestAndVerify(findTestObject("REST API/List Users")): Send request and verify the response successfully

2019-12-12 10:45:06 - [MESSAGE][INFO] - HAR: C:\Users\DELL\git\MY-first-API-test-project1\Reports\20191212_104447\REST API\20191212_104447\requests\main\0.har

2019-12-12 10:45:06 - [TEST_CASE][PASSED] - Start Test Case : Verification: Verification accomplished successfully

2019-12-12 10:45:06 - [TEST_STEP][PASSED] - request = getInstance().getCurrentRequest(): null

2019-12-12 10:45:06 - [TEST_STEP][PASSED] - response = getInstance().getCurrentResponse(): null

2019-12-12 10:45:06 - [TEST_STEP][PASSED] - verifyResponseStatusCode(response, 200): Verify response status code successfully

2019-12-12 10:45:06 - [MESSAGE][PASSED] - Verify response status code successfully

2019-12-12 10:45:06 - [TEST_STEP][PASSED] - getStatusCode()).isEqualTo(200): null

2019-12-12 10:45:06 - [MESSAGE][PASSED] - Verify response successfully

2019-12-12 10:45:06 - [MESSAGE][PASSED] - Send request and verify the response successfully

2019-12-12 10:45:06 - [TEST_STEP][PASSED] - Response = sendRequestAndVerify(findTestObject("REST API/Single User")): Send request and verify the response successfully

2019-12-12 10:45:07 - [MESSAGE][INFO] - HAR: C:\Users\DELL\git\MY-first-API-test-project1\Reports\20191212_104447\REST API\20191212_104447\requests\main\1.har

2019-12-12 10:45:08 - [TEST_CASE][PASSED] - Start Test Case : Verification: Verification accomplished successfully

2019-12-12 10:45:08 - [TEST_STEP][PASSED] - request = getInstance().getCurrentRequest(): null

2019-12-12 10:45:08 - [TEST_STEP][PASSED] - response = getInstance().getCurrentResponse(): null

2019-12-12 10:45:08 - [TEST_STEP][PASSED] - verifyResponseStatusCode(response, 200): Verify response status code successfully

2019-12-12 10:45:08 - [MESSAGE][PASSED] - Verify response status code successfully

2019-12-12 10:45:08 - [TEST_STEP][PASSED] - getStatusCode()).isEqualTo(200): null

2019-12-12 10:45:08 - [MESSAGE][PASSED] - Verify response successfully

2019-12-12 10:45:08 - [MESSAGE][PASSED] - Send request and verify the response successfully

2019-12-12 10:45:08 - [TEST_STEP][PASSED] - Response = sendRequestAndVerify(findTestObject("REST API/Single User Not Found")): Send request and verify the response successfully

2019-12-12 10:45:11 - [MESSAGE][INFO] - HAR: C:\Users\DELL\git\MY-first-API-test-project1\Reports\20191212_104447\REST API\20191212_104447\requests\main\2.har

2019-12-12 10:45:11 - [TEST_CASE][PASSED] - Start Test Case : Verification: Verification accomplished successfully

2019-12-12 10:45:11 - [TEST_STEP][PASSED] - request = getInstance().getCurrentRequest(): null

2019-12-12 10:45:11 - [TEST_STEP][PASSED] - response = getInstance().getCurrentResponse(): null

2019-12-12 10:45:11 - [TEST_STEP][PASSED] - verifyResponseStatusCode(response, 404): Verify response status code successfully

2019-12-12 10:45:11 - [MESSAGE][PASSED] - Verify response status code successfully

2019-12-12 10:45:11 - [TEST_STEP][PASSED] - getStatusCode()).isEqualTo(404): null

2019-12-12 10:45:11 - [MESSAGE][PASSED] - Verify response successfully

2019-12-12 10:45:11 - [MESSAGE][PASSED] - Send request and verify the response successfully

2019-12-12 10:45:11 - [TEST_STEP][PASSED] - sendRequestAndVerify(findTestObject("REST API/Create User")): Send request and verify the response successfully

2019-12-12 10:45:17 - [MESSAGE][INFO] - HAR: C:\Users\DELL\git\MY-first-API-test-project1\Reports\20191212_104447\REST API\20191212_104447\requests\main\3.har

2019-12-12 10:45:17 - [TEST_CASE][PASSED] - Start Test Case : Verification: Verification accomplished successfully

2019-12-12 10:45:17 - [TEST_STEP][PASSED] - request = getInstance().getCurrentRequest(): null

2019-12-12 10:45:17 - [TEST_STEP][PASSED] - response = getInstance().getCurrentResponse(): null

2019-12-12 10:45:17 - [TEST_STEP][PASSED] - verifyResponseStatusCode(response, 201): Verify response status code successfully

2019-12-12 10:45:17 - [MESSAGE][PASSED] - Verify response status code successfully

2019-12-12 10:45:17 - [TEST_STEP][PASSED] - getStatusCode()).isEqualTo(201): null

2019-12-12 10:45:17 - [MESSAGE][PASSED] - Verify response successfully

2019-12-12 10:45:17 - [MESSAGE][PASSED] - Send request and verify the response successfully]]></system-out>
         <system-err><![CDATA[]]></system-err>
      </testcase>
      <system-out><![CDATA[2019-12-12 10:44:58 - [TEST_SUITE][PASSED] - REST API: Test Cases/REST API]]></system-out>
      <system-err><![CDATA[]]></system-err>
   </testsuite>
</testsuites>
